This file contains any messages produced by compilers while
running configure, to aid debugging if configure makes a mistake.

It was created by Example App configure 1, which was
generated by GNU Autoconf 2.69.  Invocation command line was

  $ ./configure 

## --------- ##
## Platform. ##
## --------- ##

hostname = wastegas.local
uname -m = x86_64
uname -r = 16.1.0
uname -s = Darwin
uname -v = Darwin Kernel Version 16.1.0: Thu Oct 13 21:26:57 PDT 2016; root:xnu-3789.21.3~60/RELEASE_X86_64

/usr/bin/uname -p = i386
/bin/uname -X     = unknown

/bin/arch              = unknown
/usr/bin/arch -k       = unknown
/usr/convex/getsysinfo = unknown
/usr/bin/hostinfo      = Mach kernel version:
	 Darwin Kernel Version 16.1.0: Thu Oct 13 21:26:57 PDT 2016; root:xnu-3789.21.3~60/RELEASE_X86_64
Kernel configured for up to 4 processors.
2 processors are physically available.
4 processors are logically available.
Processor type: i486 (Intel 80486)
Processors active: 0 1 2 3
Primary memory available: 8.00 gigabytes
Default processor set: 284 tasks, 1023 threads, 4 processors
Load average: 1.32, Mach factor: 2.66
/bin/machine           = unknown
/usr/bin/oslevel       = unknown
/bin/universe          = unknown

PATH: /Users/Ronnie/gtk/inst/bin
PATH: /Library/Frameworks/Python.framework/Versions/3.4/bin
PATH: /Users/Ronnie/.node/bin
PATH: /usr/local/bin
PATH: /usr/bin
PATH: /bin
PATH: /usr/sbin
PATH: /sbin
PATH: /Library/Frameworks/Mono.framework/Versions/Current/Commands


## ----------- ##
## Core tests. ##
## ----------- ##

configure:1852: checking for a BSD-compatible install
configure:1920: result: /usr/bin/install -c
configure:1931: checking whether build environment is sane
configure:1986: result: yes
configure:2137: checking for a thread-safe mkdir -p
configure:2176: result: ./install-sh -c -d
configure:2183: checking for gawk
configure:2213: result: no
configure:2183: checking for mawk
configure:2213: result: no
configure:2183: checking for nawk
configure:2213: result: no
configure:2183: checking for awk
configure:2199: found /usr/bin/awk
configure:2210: result: awk
configure:2221: checking whether make sets $(MAKE)
configure:2243: result: yes
configure:2272: checking whether make supports nested variables
configure:2289: result: yes
configure:2465: checking for gcc
configure:2492: result: /Applications/Xcode.app/Contents/Developer/usr/bin/gcc
configure:2721: checking for C compiler version
configure:2730: /Applications/Xcode.app/Contents/Developer/usr/bin/gcc --version >&5
Apple LLVM version 8.0.0 (clang-800.0.42.1)
Target: x86_64-apple-darwin16.1.0
Thread model: posix
InstalledDir: /Applications/Xcode.app/Contents/Developer/Toolchains/XcodeDefault.xctoolchain/usr/bin
Configured with: --prefix=/Applications/Xcode.app/Contents/Developer/usr --with-gxx-include-dir=/Applications/Xcode.app/Contents/Developer/Platforms/MacOSX.platform/Developer/SDKs/MacOSX10.12.sdk/usr/include/c++/4.2.1
configure:2741: $? = 0
configure:2730: /Applications/Xcode.app/Contents/Developer/usr/bin/gcc -v >&5
Configured with: --prefix=/Applications/Xcode.app/Contents/Developer/usr --with-gxx-include-dir=/Applications/Xcode.app/Contents/Developer/Platforms/MacOSX.platform/Developer/SDKs/MacOSX10.12.sdk/usr/include/c++/4.2.1
Apple LLVM version 8.0.0 (clang-800.0.42.1)
Target: x86_64-apple-darwin16.1.0
Thread model: posix
InstalledDir: /Applications/Xcode.app/Contents/Developer/Toolchains/XcodeDefault.xctoolchain/usr/bin
configure:2741: $? = 0
configure:2730: /Applications/Xcode.app/Contents/Developer/usr/bin/gcc -V >&5
clang: error: argument to '-V' is missing (expected 1 value)
clang: error: no input files
configure:2741: $? = 1
configure:2730: /Applications/Xcode.app/Contents/Developer/usr/bin/gcc -qversion >&5
clang: error: unknown argument: '-qversion'
clang: error: no input files
configure:2741: $? = 1
configure:2761: checking whether the C compiler works
configure:2783: /Applications/Xcode.app/Contents/Developer/usr/bin/gcc -arch x86_64 -I/Applications/Xcode.app/Contents/Developer/Platforms/MacOSX.platform/Developer/SDKs/MacOSX10.12.sdk/usr/include -isysroot /Applications/Xcode.app/Contents/Developer/Platforms/MacOSX.platform/Developer/SDKs/MacOSX10.12.sdk -mmacosx-version-min=10.12 -I/Users/Ronnie/gtk/inst/include -arch x86_64 -I/Applications/Xcode.app/Contents/Developer/Platforms/MacOSX.platform/Developer/SDKs/MacOSX10.12.sdk/usr/include -isysroot /Applications/Xcode.app/Contents/Developer/Platforms/MacOSX.platform/Developer/SDKs/MacOSX10.12.sdk -L/Users/Ronnie/gtk/inst/lib -L/Users/Ronnie/gtk/inst/lib -arch x86_64 -L/Applications/Xcode.app/Contents/Developer/Platforms/MacOSX.platform/Developer/SDKs/MacOSX10.12.sdk/usr/lib -isysroot /Applications/Xcode.app/Contents/Developer/Platforms/MacOSX.platform/Developer/SDKs/MacOSX10.12.sdk -mmacosx-version-min=10.12 -Wl,-headerpad_max_install_names conftest.c  >&5
configure:2787: $? = 0
configure:2835: result: yes
configure:2838: checking for C compiler default output file name
configure:2840: result: a.out
configure:2846: checking for suffix of executables
configure:2853: /Applications/Xcode.app/Contents/Developer/usr/bin/gcc -o conftest -arch x86_64 -I/Applications/Xcode.app/Contents/Developer/Platforms/MacOSX.platform/Developer/SDKs/MacOSX10.12.sdk/usr/include -isysroot /Applications/Xcode.app/Contents/Developer/Platforms/MacOSX.platform/Developer/SDKs/MacOSX10.12.sdk -mmacosx-version-min=10.12 -I/Users/Ronnie/gtk/inst/include -arch x86_64 -I/Applications/Xcode.app/Contents/Developer/Platforms/MacOSX.platform/Developer/SDKs/MacOSX10.12.sdk/usr/include -isysroot /Applications/Xcode.app/Contents/Developer/Platforms/MacOSX.platform/Developer/SDKs/MacOSX10.12.sdk -L/Users/Ronnie/gtk/inst/lib -L/Users/Ronnie/gtk/inst/lib -arch x86_64 -L/Applications/Xcode.app/Contents/Developer/Platforms/MacOSX.platform/Developer/SDKs/MacOSX10.12.sdk/usr/lib -isysroot /Applications/Xcode.app/Contents/Developer/Platforms/MacOSX.platform/Developer/SDKs/MacOSX10.12.sdk -mmacosx-version-min=10.12 -Wl,-headerpad_max_install_names conftest.c  >&5
configure:2857: $? = 0
configure:2879: result: 
configure:2901: checking whether we are cross compiling
configure:2909: /Applications/Xcode.app/Contents/Developer/usr/bin/gcc -o conftest -arch x86_64 -I/Applications/Xcode.app/Contents/Developer/Platforms/MacOSX.platform/Developer/SDKs/MacOSX10.12.sdk/usr/include -isysroot /Applications/Xcode.app/Contents/Developer/Platforms/MacOSX.platform/Developer/SDKs/MacOSX10.12.sdk -mmacosx-version-min=10.12 -I/Users/Ronnie/gtk/inst/include -arch x86_64 -I/Applications/Xcode.app/Contents/Developer/Platforms/MacOSX.platform/Developer/SDKs/MacOSX10.12.sdk/usr/include -isysroot /Applications/Xcode.app/Contents/Developer/Platforms/MacOSX.platform/Developer/SDKs/MacOSX10.12.sdk -L/Users/Ronnie/gtk/inst/lib -L/Users/Ronnie/gtk/inst/lib -arch x86_64 -L/Applications/Xcode.app/Contents/Developer/Platforms/MacOSX.platform/Developer/SDKs/MacOSX10.12.sdk/usr/lib -isysroot /Applications/Xcode.app/Contents/Developer/Platforms/MacOSX.platform/Developer/SDKs/MacOSX10.12.sdk -mmacosx-version-min=10.12 -Wl,-headerpad_max_install_names conftest.c  >&5
configure:2913: $? = 0
configure:2920: ./conftest
configure:2924: $? = 0
configure:2939: result: no
configure:2944: checking for suffix of object files
configure:2966: /Applications/Xcode.app/Contents/Developer/usr/bin/gcc -c -arch x86_64 -I/Applications/Xcode.app/Contents/Developer/Platforms/MacOSX.platform/Developer/SDKs/MacOSX10.12.sdk/usr/include -isysroot /Applications/Xcode.app/Contents/Developer/Platforms/MacOSX.platform/Developer/SDKs/MacOSX10.12.sdk -mmacosx-version-min=10.12 -I/Users/Ronnie/gtk/inst/include -arch x86_64 -I/Applications/Xcode.app/Contents/Developer/Platforms/MacOSX.platform/Developer/SDKs/MacOSX10.12.sdk/usr/include -isysroot /Applications/Xcode.app/Contents/Developer/Platforms/MacOSX.platform/Developer/SDKs/MacOSX10.12.sdk conftest.c >&5
configure:2970: $? = 0
configure:2991: result: o
configure:2995: checking whether we are using the GNU C compiler
configure:3014: /Applications/Xcode.app/Contents/Developer/usr/bin/gcc -c -arch x86_64 -I/Applications/Xcode.app/Contents/Developer/Platforms/MacOSX.platform/Developer/SDKs/MacOSX10.12.sdk/usr/include -isysroot /Applications/Xcode.app/Contents/Developer/Platforms/MacOSX.platform/Developer/SDKs/MacOSX10.12.sdk -mmacosx-version-min=10.12 -I/Users/Ronnie/gtk/inst/include -arch x86_64 -I/Applications/Xcode.app/Contents/Developer/Platforms/MacOSX.platform/Developer/SDKs/MacOSX10.12.sdk/usr/include -isysroot /Applications/Xcode.app/Contents/Developer/Platforms/MacOSX.platform/Developer/SDKs/MacOSX10.12.sdk conftest.c >&5
configure:3014: $? = 0
configure:3023: result: yes
configure:3032: checking whether /Applications/Xcode.app/Contents/Developer/usr/bin/gcc accepts -g
configure:3052: /Applications/Xcode.app/Contents/Developer/usr/bin/gcc -c -g -I/Users/Ronnie/gtk/inst/include -arch x86_64 -I/Applications/Xcode.app/Contents/Developer/Platforms/MacOSX.platform/Developer/SDKs/MacOSX10.12.sdk/usr/include -isysroot /Applications/Xcode.app/Contents/Developer/Platforms/MacOSX.platform/Developer/SDKs/MacOSX10.12.sdk conftest.c >&5
configure:3052: $? = 0
configure:3093: result: yes
configure:3110: checking for /Applications/Xcode.app/Contents/Developer/usr/bin/gcc option to accept ISO C89
configure:3173: /Applications/Xcode.app/Contents/Developer/usr/bin/gcc  -c -arch x86_64 -I/Applications/Xcode.app/Contents/Developer/Platforms/MacOSX.platform/Developer/SDKs/MacOSX10.12.sdk/usr/include -isysroot /Applications/Xcode.app/Contents/Developer/Platforms/MacOSX.platform/Developer/SDKs/MacOSX10.12.sdk -mmacosx-version-min=10.12 -I/Users/Ronnie/gtk/inst/include -arch x86_64 -I/Applications/Xcode.app/Contents/Developer/Platforms/MacOSX.platform/Developer/SDKs/MacOSX10.12.sdk/usr/include -isysroot /Applications/Xcode.app/Contents/Developer/Platforms/MacOSX.platform/Developer/SDKs/MacOSX10.12.sdk conftest.c >&5
configure:3173: $? = 0
configure:3186: result: none needed
configure:3211: checking whether /Applications/Xcode.app/Contents/Developer/usr/bin/gcc understands -c and -o together
configure:3233: /Applications/Xcode.app/Contents/Developer/usr/bin/gcc -c conftest.c -o conftest2.o
configure:3236: $? = 0
configure:3233: /Applications/Xcode.app/Contents/Developer/usr/bin/gcc -c conftest.c -o conftest2.o
configure:3236: $? = 0
configure:3248: result: yes
configure:3276: checking for style of include used by make
configure:3304: result: GNU
configure:3330: checking dependency style of /Applications/Xcode.app/Contents/Developer/usr/bin/gcc
configure:3441: result: gcc3
configure:3510: checking for pkg-config
configure:3528: found /Users/Ronnie/gtk/inst/bin/pkg-config
configure:3540: result: /Users/Ronnie/gtk/inst/bin/pkg-config
configure:3565: checking pkg-config is at least version 0.9.0
configure:3568: result: yes
configure:3578: checking for EXAMPLE_APP
configure:3585: $PKG_CONFIG --exists --print-errors "gtk+-3.0"
configure:3588: $? = 0
configure:3602: $PKG_CONFIG --exists --print-errors "gtk+-3.0"
configure:3605: $? = 0
configure:3663: result: yes
configure:3812: checking that generated files are newer than configure
configure:3818: result: done
configure:3841: creating ./config.status

## ---------------------- ##
## Running config.status. ##
## ---------------------- ##

This file was extended by Example App config.status 1, which was
generated by GNU Autoconf 2.69.  Invocation command line was

  CONFIG_FILES    = 
  CONFIG_HEADERS  = 
  CONFIG_LINKS    = 
  CONFIG_COMMANDS = 
  $ ./config.status 

on wastegas.local

config.status:786: creating Makefile
config.status:958: executing depfiles commands

## ---------------- ##
## Cache variables. ##
## ---------------- ##

ac_cv_c_compiler_gnu=yes
ac_cv_env_CC_set=set
ac_cv_env_CC_value=/Applications/Xcode.app/Contents/Developer/usr/bin/gcc
ac_cv_env_CFLAGS_set=set
ac_cv_env_CFLAGS_value='-arch x86_64 -I/Applications/Xcode.app/Contents/Developer/Platforms/MacOSX.platform/Developer/SDKs/MacOSX10.12.sdk/usr/include -isysroot /Applications/Xcode.app/Contents/Developer/Platforms/MacOSX.platform/Developer/SDKs/MacOSX10.12.sdk -mmacosx-version-min=10.12'
ac_cv_env_CPPFLAGS_set=set
ac_cv_env_CPPFLAGS_value='-I/Users/Ronnie/gtk/inst/include -arch x86_64 -I/Applications/Xcode.app/Contents/Developer/Platforms/MacOSX.platform/Developer/SDKs/MacOSX10.12.sdk/usr/include -isysroot /Applications/Xcode.app/Contents/Developer/Platforms/MacOSX.platform/Developer/SDKs/MacOSX10.12.sdk'
ac_cv_env_EXAMPLE_APP_CFLAGS_set=
ac_cv_env_EXAMPLE_APP_CFLAGS_value=
ac_cv_env_EXAMPLE_APP_LIBS_set=
ac_cv_env_EXAMPLE_APP_LIBS_value=
ac_cv_env_LDFLAGS_set=set
ac_cv_env_LDFLAGS_value='-L/Users/Ronnie/gtk/inst/lib -L/Users/Ronnie/gtk/inst/lib -arch x86_64 -L/Applications/Xcode.app/Contents/Developer/Platforms/MacOSX.platform/Developer/SDKs/MacOSX10.12.sdk/usr/lib -isysroot /Applications/Xcode.app/Contents/Developer/Platforms/MacOSX.platform/Developer/SDKs/MacOSX10.12.sdk -mmacosx-version-min=10.12 -Wl,-headerpad_max_install_names'
ac_cv_env_LIBS_set=
ac_cv_env_LIBS_value=
ac_cv_env_PKG_CONFIG_LIBDIR_set=
ac_cv_env_PKG_CONFIG_LIBDIR_value=
ac_cv_env_PKG_CONFIG_PATH_set=set
ac_cv_env_PKG_CONFIG_PATH_value=/Users/Ronnie/gtk/inst/lib/pkgconfig:/Users/Ronnie/gtk/inst/share/pkgconfig:/usr/lib/pkgconfig
ac_cv_env_PKG_CONFIG_set=
ac_cv_env_PKG_CONFIG_value=
ac_cv_env_build_alias_set=
ac_cv_env_build_alias_value=
ac_cv_env_host_alias_set=
ac_cv_env_host_alias_value=
ac_cv_env_target_alias_set=
ac_cv_env_target_alias_value=
ac_cv_objext=o
ac_cv_path_ac_pt_PKG_CONFIG=/Users/Ronnie/gtk/inst/bin/pkg-config
ac_cv_path_install='/usr/bin/install -c'
ac_cv_prog_AWK=awk
ac_cv_prog_ac_ct_CC=/Applications/Xcode.app/Contents/Developer/usr/bin/gcc
ac_cv_prog_cc_c89=
ac_cv_prog_cc_g=yes
ac_cv_prog_make_make_set=yes
am_cv_CC_dependencies_compiler_type=gcc3
am_cv_make_support_nested_variables=yes
am_cv_prog_cc_c_o=yes
pkg_cv_EXAMPLE_APP_CFLAGS='-D_REENTRANT -I/Users/Ronnie/gtk/inst/include/gtk-3.0 -I/Users/Ronnie/gtk/inst/include/gio-unix-2.0/ -I/Users/Ronnie/gtk/inst/include/cairo -I/Users/Ronnie/gtk/inst/include/pango-1.0 -I/Users/Ronnie/gtk/inst/include/harfbuzz -I/Users/Ronnie/gtk/inst/include/pango-1.0 -I/Users/Ronnie/gtk/inst/include/atk-1.0 -I/Users/Ronnie/gtk/inst/include/cairo -I/Users/Ronnie/gtk/inst/include/pixman-1 -I/Users/Ronnie/gtk/inst/include/freetype2 -I/Users/Ronnie/gtk/inst/include/libpng16 -I/Users/Ronnie/gtk/inst/include/freetype2 -I/Users/Ronnie/gtk/inst/include/libpng16 -I/Users/Ronnie/gtk/inst/include/gdk-pixbuf-2.0 -I/Users/Ronnie/gtk/inst/include/libpng16 -I/Users/Ronnie/gtk/inst/include/glib-2.0 -I/Users/Ronnie/gtk/inst/lib/glib-2.0/include '
pkg_cv_EXAMPLE_APP_LIBS='-L/Users/Ronnie/gtk/inst/lib -lgtk-3 -lgdk-3 -lpangocairo-1.0 -lpango-1.0 -latk-1.0 -lcairo-gobject -lcairo -lgdk_pixbuf-2.0 -lgio-2.0 -lgobject-2.0 -lglib-2.0 -lintl '

## ----------------- ##
## Output variables. ##
## ----------------- ##

ACLOCAL='${SHELL} /Users/Ronnie/Documents/gtk/trivial_application/missing aclocal-1.14'
AMDEPBACKSLASH='\'
AMDEP_FALSE='#'
AMDEP_TRUE=''
AMTAR='$${TAR-tar}'
AM_BACKSLASH='\'
AM_DEFAULT_V='$(AM_DEFAULT_VERBOSITY)'
AM_DEFAULT_VERBOSITY='1'
AM_V='$(V)'
AUTOCONF='${SHELL} /Users/Ronnie/Documents/gtk/trivial_application/missing autoconf'
AUTOHEADER='${SHELL} /Users/Ronnie/Documents/gtk/trivial_application/missing autoheader'
AUTOMAKE='${SHELL} /Users/Ronnie/Documents/gtk/trivial_application/missing automake-1.14'
AWK='awk'
CC='/Applications/Xcode.app/Contents/Developer/usr/bin/gcc'
CCDEPMODE='depmode=gcc3'
CFLAGS='-arch x86_64 -I/Applications/Xcode.app/Contents/Developer/Platforms/MacOSX.platform/Developer/SDKs/MacOSX10.12.sdk/usr/include -isysroot /Applications/Xcode.app/Contents/Developer/Platforms/MacOSX.platform/Developer/SDKs/MacOSX10.12.sdk -mmacosx-version-min=10.12'
CPPFLAGS='-I/Users/Ronnie/gtk/inst/include -arch x86_64 -I/Applications/Xcode.app/Contents/Developer/Platforms/MacOSX.platform/Developer/SDKs/MacOSX10.12.sdk/usr/include -isysroot /Applications/Xcode.app/Contents/Developer/Platforms/MacOSX.platform/Developer/SDKs/MacOSX10.12.sdk'
CYGPATH_W='echo'
DEFS='-DPACKAGE_NAME=\"Example\ App\" -DPACKAGE_TARNAME=\"example-app\" -DPACKAGE_VERSION=\"1\" -DPACKAGE_STRING=\"Example\ App\ 1\" -DPACKAGE_BUGREPORT=\"wastegas@gmail.com\" -DPACKAGE_URL=\"\" -DPACKAGE=\"example-app\" -DVERSION=\"1\"'
DEPDIR='.deps'
ECHO_C=''
ECHO_N='-n'
ECHO_T=''
EXAMPLE_APP_CFLAGS='-D_REENTRANT -I/Users/Ronnie/gtk/inst/include/gtk-3.0 -I/Users/Ronnie/gtk/inst/include/gio-unix-2.0/ -I/Users/Ronnie/gtk/inst/include/cairo -I/Users/Ronnie/gtk/inst/include/pango-1.0 -I/Users/Ronnie/gtk/inst/include/harfbuzz -I/Users/Ronnie/gtk/inst/include/pango-1.0 -I/Users/Ronnie/gtk/inst/include/atk-1.0 -I/Users/Ronnie/gtk/inst/include/cairo -I/Users/Ronnie/gtk/inst/include/pixman-1 -I/Users/Ronnie/gtk/inst/include/freetype2 -I/Users/Ronnie/gtk/inst/include/libpng16 -I/Users/Ronnie/gtk/inst/include/freetype2 -I/Users/Ronnie/gtk/inst/include/libpng16 -I/Users/Ronnie/gtk/inst/include/gdk-pixbuf-2.0 -I/Users/Ronnie/gtk/inst/include/libpng16 -I/Users/Ronnie/gtk/inst/include/glib-2.0 -I/Users/Ronnie/gtk/inst/lib/glib-2.0/include '
EXAMPLE_APP_LIBS='-L/Users/Ronnie/gtk/inst/lib -lgtk-3 -lgdk-3 -lpangocairo-1.0 -lpango-1.0 -latk-1.0 -lcairo-gobject -lcairo -lgdk_pixbuf-2.0 -lgio-2.0 -lgobject-2.0 -lglib-2.0 -lintl '
EXEEXT=''
INSTALL_DATA='${INSTALL} -m 644'
INSTALL_PROGRAM='${INSTALL}'
INSTALL_SCRIPT='${INSTALL}'
INSTALL_STRIP_PROGRAM='$(install_sh) -c -s'
LDFLAGS='-L/Users/Ronnie/gtk/inst/lib -L/Users/Ronnie/gtk/inst/lib -arch x86_64 -L/Applications/Xcode.app/Contents/Developer/Platforms/MacOSX.platform/Developer/SDKs/MacOSX10.12.sdk/usr/lib -isysroot /Applications/Xcode.app/Contents/Developer/Platforms/MacOSX.platform/Developer/SDKs/MacOSX10.12.sdk -mmacosx-version-min=10.12 -Wl,-headerpad_max_install_names'
LIBOBJS=''
LIBS=''
LTLIBOBJS=''
MAKEINFO='${SHELL} /Users/Ronnie/Documents/gtk/trivial_application/missing makeinfo'
MKDIR_P='./install-sh -c -d'
OBJEXT='o'
PACKAGE='example-app'
PACKAGE_BUGREPORT='wastegas@gmail.com'
PACKAGE_NAME='Example App'
PACKAGE_STRING='Example App 1'
PACKAGE_TARNAME='example-app'
PACKAGE_URL=''
PACKAGE_VERSION='1'
PATH_SEPARATOR=':'
PKG_CONFIG='/Users/Ronnie/gtk/inst/bin/pkg-config'
PKG_CONFIG_LIBDIR=''
PKG_CONFIG_PATH='/Users/Ronnie/gtk/inst/lib/pkgconfig:/Users/Ronnie/gtk/inst/share/pkgconfig:/usr/lib/pkgconfig'
SET_MAKE=''
SHELL='/Users/Ronnie/gtk/inst/bin/bash'
STRIP=''
VERSION='1'
ac_ct_CC='/Applications/Xcode.app/Contents/Developer/usr/bin/gcc'
am__EXEEXT_FALSE=''
am__EXEEXT_TRUE='#'
am__fastdepCC_FALSE='#'
am__fastdepCC_TRUE=''
am__include='include'
am__isrc=''
am__leading_dot='.'
am__nodep='_no'
am__quote=''
am__tar='$${TAR-tar} chof - "$$tardir"'
am__untar='$${TAR-tar} xf -'
bindir='${exec_prefix}/bin'
build_alias=''
datadir='${datarootdir}'
datarootdir='${prefix}/share'
docdir='${datarootdir}/doc/${PACKAGE_TARNAME}'
dvidir='${docdir}'
exec_prefix='${prefix}'
host_alias=''
htmldir='${docdir}'
includedir='${prefix}/include'
infodir='${datarootdir}/info'
install_sh='${SHELL} /Users/Ronnie/Documents/gtk/trivial_application/install-sh'
libdir='${exec_prefix}/lib'
libexecdir='${exec_prefix}/libexec'
localedir='${datarootdir}/locale'
localstatedir='${prefix}/var'
mandir='${datarootdir}/man'
mkdir_p='$(MKDIR_P)'
oldincludedir='/usr/include'
pdfdir='${docdir}'
prefix='/usr/local'
program_transform_name='s,x,x,'
psdir='${docdir}'
sbindir='${exec_prefix}/sbin'
sharedstatedir='${prefix}/com'
sysconfdir='${prefix}/etc'
target_alias=''

## ----------- ##
## confdefs.h. ##
## ----------- ##

/* confdefs.h */
#define PACKAGE_NAME "Example App"
#define PACKAGE_TARNAME "example-app"
#define PACKAGE_VERSION "1"
#define PACKAGE_STRING "Example App 1"
#define PACKAGE_BUGREPORT "wastegas@gmail.com"
#define PACKAGE_URL ""
#define PACKAGE "example-app"
#define VERSION "1"

configure: exit 0

## ---------------------- ##
## Running config.status. ##
## ---------------------- ##

This file was extended by Example App config.status 1, which was
generated by GNU Autoconf 2.69.  Invocation command line was

  CONFIG_FILES    = 
  CONFIG_HEADERS  = 
  CONFIG_LINKS    = 
  CONFIG_COMMANDS = 
  $ ./config.status Makefile depfiles

on wastegas.local

config.status:786: creating Makefile
config.status:958: executing depfiles commands

## ---------------------- ##
## Running config.status. ##
## ---------------------- ##

This file was extended by Example App config.status 1, which was
generated by GNU Autoconf 2.69.  Invocation command line was

  CONFIG_FILES    = 
  CONFIG_HEADERS  = 
  CONFIG_LINKS    = 
  CONFIG_COMMANDS = 
  $ ./config.status Makefile depfiles

on wastegas.local

config.status:786: creating Makefile
config.status:958: executing depfiles commands

## ---------------------- ##
## Running config.status. ##
## ---------------------- ##

This file was extended by Example App config.status 1, which was
generated by GNU Autoconf 2.69.  Invocation command line was

  CONFIG_FILES    = 
  CONFIG_HEADERS  = 
  CONFIG_LINKS    = 
  CONFIG_COMMANDS = 
  $ ./config.status Makefile depfiles

on wastegas.local

config.status:786: creating Makefile
config.status:958: executing depfiles commands
